2023-05-15 19:05:607 INFO  GearPage :54 - Click on Product [[ChromeDriver: chrome on WINDOWS (c59430e5c6b61a8865fee583723ab699)] -> xpath: //a[contains(text(),'Overnight Duffle ')]]
2023-05-15 19:05:621 INFO  GearPage :59 - Verify Text from Webpage
2023-05-15 19:05:41 INFO  GearPage :65 - Send text to username : [[ChromeDriver: chrome on WINDOWS (c59430e5c6b61a8865fee583723ab699)] -> id: qty]
2023-05-15 19:05:316 INFO  GearPage :72 - Click on add to cart [[ChromeDriver: chrome on WINDOWS (c59430e5c6b61a8865fee583723ab699)] -> id: product-addtocart-button]
2023-05-15 19:05:331 INFO  GearPage :76 - Verify Text from Webpage
2023-05-15 19:05:171 INFO  GearPage :83 - Click on shopping cart link [[ChromeDriver: chrome on WINDOWS (c59430e5c6b61a8865fee583723ab699)] -> xpath: //a[text()='shopping cart']]
2023-05-15 19:05:175 INFO  GearPage :88 - Verify Text from Webpage
2023-05-15 19:05:209 INFO  GearPage :93 - Verify Text from Webpage
2023-05-15 19:05:263 INFO  GearPage :98 - Verify Text from Webpage
2023-05-15 19:05:376 INFO  GearPage :105 - Send text to quantity field : [[ChromeDriver: chrome on WINDOWS (c59430e5c6b61a8865fee583723ab699)] -> css selector: td[class='col qty'] input[class*='input-text qty']]
2023-05-15 19:05:510 INFO  GearPage :111 - Click on update button [[ChromeDriver: chrome on WINDOWS (c59430e5c6b61a8865fee583723ab699)] -> xpath: //span[text()='Update Shopping Cart']]
2023-05-15 19:05:524 INFO  GearPage :115 - Verify Text from Webpage
2023-05-15 20:05:558 INFO  MensPage :63 - Verify Text from Webpage
2023-05-15 20:05:719 INFO  MensPage :76 - Verify Text from Webpage
2023-05-15 20:05:751 INFO  MensPage :80 - Verify Text from Webpage
2023-05-15 20:05:774 INFO  MensPage :84 - Verify Text from Webpage
2023-05-15 20:05:820 INFO  GearPage :54 - Click on Product [[ChromeDriver: chrome on WINDOWS (59a63816922cc21793b8ad2ded461a4b)] -> xpath: //a[contains(text(),'Overnight Duffle ')]]
2023-05-15 20:05:832 INFO  GearPage :59 - Verify Text from Webpage
2023-05-15 20:05:08 INFO  GearPage :65 - Send text to username : [[ChromeDriver: chrome on WINDOWS (59a63816922cc21793b8ad2ded461a4b)] -> id: qty]
2023-05-15 20:05:145 INFO  GearPage :72 - Click on add to cart [[ChromeDriver: chrome on WINDOWS (59a63816922cc21793b8ad2ded461a4b)] -> id: product-addtocart-button]
2023-05-15 20:05:162 INFO  GearPage :76 - Verify Text from Webpage
2023-05-15 20:05:978 INFO  GearPage :83 - Click on shopping cart link [[ChromeDriver: chrome on WINDOWS (59a63816922cc21793b8ad2ded461a4b)] -> xpath: //a[text()='shopping cart']]
2023-05-15 20:05:991 INFO  GearPage :88 - Verify Text from Webpage
2023-05-15 20:05:568 INFO  GearPage :93 - Verify Text from Webpage
2023-05-15 20:05:124 INFO  GearPage :98 - Verify Text from Webpage
2023-05-15 20:05:592 INFO  GearPage :105 - Send text to quantity field : [[ChromeDriver: chrome on WINDOWS (59a63816922cc21793b8ad2ded461a4b)] -> css selector: td[class='col qty'] input[class*='input-text qty']]
2023-05-15 20:05:879 INFO  GearPage :111 - Click on update button [[ChromeDriver: chrome on WINDOWS (59a63816922cc21793b8ad2ded461a4b)] -> xpath: //span[text()='Update Shopping Cart']]
2023-05-15 20:05:891 INFO  GearPage :115 - Verify Text from Webpage
2023-05-15 20:05:519 INFO  WomenPage :42 - Select from dropdown list : [[ChromeDriver: chrome on WINDOWS (b8ef76f32977ae84fb248c6461ec90a6)] -> id: sorter]
2023-05-15 20:05:503 INFO  WomenPage :46 - Select from dropdown list : [[ChromeDriver: chrome on WINDOWS (88aff692f8a0f302fb01a0b101ae2c1d)] -> id: sorter]
2023-05-15 20:05:447 INFO  GearPage :54 - Click on Product [[ChromeDriver: chrome on WINDOWS (bad2d35848d71ca797844533114289b7)] -> xpath: //a[contains(text(),'Overnight Duffle ')]]
2023-05-15 20:05:454 INFO  GearPage :59 - Verify Text from Webpage
2023-05-15 20:05:601 INFO  GearPage :65 - Send text to username : [[ChromeDriver: chrome on WINDOWS (bad2d35848d71ca797844533114289b7)] -> id: qty]
2023-05-15 20:05:697 INFO  GearPage :72 - Click on add to cart [[ChromeDriver: chrome on WINDOWS (bad2d35848d71ca797844533114289b7)] -> id: product-addtocart-button]
2023-05-15 20:05:703 INFO  GearPage :76 - Verify Text from Webpage
2023-05-15 20:05:69 INFO  GearPage :83 - Click on shopping cart link [[ChromeDriver: chrome on WINDOWS (bad2d35848d71ca797844533114289b7)] -> xpath: //a[text()='shopping cart']]
2023-05-15 20:05:74 INFO  GearPage :88 - Verify Text from Webpage
2023-05-15 20:05:165 INFO  GearPage :93 - Verify Text from Webpage
2023-05-15 20:05:281 INFO  GearPage :98 - Verify Text from Webpage
2023-05-15 20:05:447 INFO  GearPage :105 - Send text to quantity field : [[ChromeDriver: chrome on WINDOWS (bad2d35848d71ca797844533114289b7)] -> css selector: td[class='col qty'] input[class*='input-text qty']]
2023-05-15 20:05:512 INFO  GearPage :111 - Click on update button [[ChromeDriver: chrome on WINDOWS (bad2d35848d71ca797844533114289b7)] -> xpath: //span[text()='Update Shopping Cart']]
2023-05-15 20:05:516 INFO  GearPage :115 - Verify Text from Webpage
2023-05-15 20:05:79 INFO  WomenPage :42 - Select from dropdown list : [[ChromeDriver: chrome on WINDOWS (e5fa3e96ae75b34c9318576b7643030d)] -> id: sorter]
2023-05-15 20:05:644 INFO  WomenPage :46 - Select from dropdown list : [[ChromeDriver: chrome on WINDOWS (31362c446272fa03542563d2b5c98953)] -> id: sorter]
2023-05-15 20:05:458 INFO  MensPage :63 - Verify Text from Webpage
2023-05-15 20:05:838 INFO  MensPage :76 - Verify Text from Webpage
2023-05-15 20:05:49 INFO  MensPage :80 - Verify Text from Webpage
2023-05-15 20:05:347 INFO  MensPage :84 - Verify Text from Webpage
2023-05-15 22:05:752 INFO  MensPage :63 - Verify Text from Webpage
2023-05-15 22:05:675 INFO  MensPage :76 - Verify Text from Webpage
2023-05-15 22:05:06 INFO  MensPage :80 - Verify Text from Webpage
2023-05-15 22:05:314 INFO  MensPage :84 - Verify Text from Webpage
2023-05-15 22:05:747 INFO  GearPage :54 - Click on Product [[ChromeDriver: chrome on WINDOWS (dfb9c270dd6d0bbc1d21a2c3ad8b06d0)] -> xpath: //a[contains(text(),'Overnight Duffle ')]]
2023-05-15 22:05:763 INFO  GearPage :59 - Verify Text from Webpage
2023-05-15 22:05:992 INFO  GearPage :65 - Send text to username : [[ChromeDriver: chrome on WINDOWS (dfb9c270dd6d0bbc1d21a2c3ad8b06d0)] -> id: qty]
2023-05-15 22:05:253 INFO  GearPage :72 - Click on add to cart [[ChromeDriver: chrome on WINDOWS (dfb9c270dd6d0bbc1d21a2c3ad8b06d0)] -> id: product-addtocart-button]
2023-05-15 22:05:265 INFO  GearPage :76 - Verify Text from Webpage
2023-05-15 22:05:674 INFO  GearPage :83 - Click on shopping cart link [[ChromeDriver: chrome on WINDOWS (dfb9c270dd6d0bbc1d21a2c3ad8b06d0)] -> xpath: //a[text()='shopping cart']]
2023-05-15 22:05:684 INFO  GearPage :88 - Verify Text from Webpage
2023-05-15 22:05:861 INFO  GearPage :93 - Verify Text from Webpage
2023-05-15 22:05:221 INFO  GearPage :98 - Verify Text from Webpage
2023-05-15 22:05:564 INFO  GearPage :105 - Send text to quantity field : [[ChromeDriver: chrome on WINDOWS (dfb9c270dd6d0bbc1d21a2c3ad8b06d0)] -> css selector: td[class='col qty'] input[class*='input-text qty']]
2023-05-15 22:05:725 INFO  GearPage :111 - Click on update button [[ChromeDriver: chrome on WINDOWS (dfb9c270dd6d0bbc1d21a2c3ad8b06d0)] -> xpath: //span[text()='Update Shopping Cart']]
2023-05-15 22:05:732 INFO  GearPage :115 - Verify Text from Webpage
2023-05-15 22:05:997 INFO  GearPage :66 - Click on shopping cart link [[ChromeDriver: chrome on WINDOWS (3fd588bc3b0ff5a5b75c57f4399fbd7f)] -> css selector: a[id='ui-id-11'] span:nth-child(1)]
2023-05-15 22:05:665 INFO  WomenPage :42 - Select from dropdown list : [[ChromeDriver: chrome on WINDOWS (3fd588bc3b0ff5a5b75c57f4399fbd7f)] -> id: sorter]
2023-05-15 22:05:811 INFO  GearPage :66 - Click on shopping cart link [[ChromeDriver: chrome on WINDOWS (cd11a7acdca5f50ac7a4105d236ca79c)] -> css selector: a[id='ui-id-11'] span:nth-child(1)]
2023-05-15 22:05:81 INFO  WomenPage :46 - Select from dropdown list : [[ChromeDriver: chrome on WINDOWS (cd11a7acdca5f50ac7a4105d236ca79c)] -> id: sorter]
